<?xml version="1.0" encoding="UTF-8"?>
<!-- Generated by org.testng.reporters.JUnitReportReporter -->
<testsuite hostname="DESKTOP-VE1A154" failures="0" tests="2" name="tests.Steps" time="131.849" errors="0" timestamp="2020-12-10T19:36:38 EET" skipped="0">
  <testcase classname="tests.Steps" name="fourth" time="126.570"/>
  <system-out/>
  <testcase classname="tests.Steps" name="Should_Pass_First" time="5.279"/>
  <system-out/>
</testsuite> <!-- tests.Steps -->
