<?xml version="1.0" encoding="UTF-8"?>
<!-- Generated by org.testng.reporters.JUnitReportReporter -->
<testsuite hostname="DESKTOP-VE1A154" failures="0" tests="1" name="tests.First" time="6.906" errors="0" timestamp="2020-12-10T14:19:05 EET" skipped="0">
  <testcase classname="tests.First" name="Should_Pass_First" time="6.906"/>
  <system-out/>
</testsuite> <!-- tests.First -->
